05:30:09 **** Build of configuration Release for project windlogger_1 ****
make all 
Building file: ../src/config.c
Invoking: AVR Compiler
avr-gcc -Wall -Os -fpack-struct -fshort-enums -ffunction-sections -fdata-sections -std=gnu99 -funsigned-char -funsigned-bitfields -mmcu=atmega1284p -DF_CPU=16000000UL -MMD -MP -MF"src/config.d" -MT"src/config.d" -c -o "src/config.o" "../src/config.c"
Finished building: ../src/config.c
 
Building target: windlogger_1.elf
Invoking: AVR C Linker
avr-gcc -Wl,-Map,windlogger_1.map -mmcu=atmega1284p -o "windlogger_1.elf"  ./src/adc.o ./src/config.o ./src/debug.o ./src/eeprom_manage.o ./src/fsm.o ./src/main.o ./src/pcf8563.o ./src/sensors.o ./src/time.o ./src/twi.o ./src/usart.o  ./.metadata/.plugins/org.eclipse.cdt.make.core/specs.o   
Finished building target: windlogger_1.elf
 
Invoking: AVR Create Extended Listing
avr-objdump -h -S windlogger_1.elf  >"windlogger_1.lss"
Finished building: windlogger_1.lss
 
Create Flash image (ihex format)
avr-objcopy -R .eeprom -R .fuse -R .lock -R .signature -O ihex windlogger_1.elf  "windlogger_1.hex"
Finished building: windlogger_1.hex
 
Create eeprom image (ihex format)
avr-objcopy -j .eeprom --no-change-warnings --change-section-lma .eeprom=0 -O ihex windlogger_1.elf  "windlogger_1.eep"
Finished building: windlogger_1.eep
 
Invoking: Print Size
avr-size --format=avr --mcu=atmega1284p windlogger_1.elf
AVR Memory Usage
----------------
Device: atmega1284p

Program:   12612 bytes (9.6% Full)
(.text + .data + .bootloader)

Data:       1187 bytes (7.2% Full)
(.data + .bss + .noinit)


Finished building: sizedummy
 

05:30:09 Build Finished (took 386ms)

